-------------------------------------------------------------------------------
Test set: com.whx.demo.DemoApplicationTests
-------------------------------------------------------------------------------
Tests run: 1, Failures: 0, Errors: 1, Skipped: 0, Time elapsed: 8.995 s <<< FAILURE! - in com.whx.demo.DemoApplicationTests
contextLoads(com.whx.demo.DemoApplicationTests)  Time elapsed: 0.002 s  <<< ERROR!
java.lang.IllegalStateException: Failed to load ApplicationContext
Caused by: org.springframework.beans.factory.UnsatisfiedDependencyException: Error creating bean with name 'userController': Unsatisfied dependency expressed through field 'userRepository'; nested exception is org.springframework.beans.factory.BeanCreationException: Error creating bean with name 'userRepository': Invocation of init method failed; nested exception is java.lang.IllegalArgumentException: Failed to create query for method public abstract java.util.List com.whx.demo.repository.UserRepository.userList()! No property userList found for type User!
Caused by: org.springframework.beans.factory.BeanCreationException: Error creating bean with name 'userRepository': Invocation of init method failed; nested exception is java.lang.IllegalArgumentException: Failed to create query for method public abstract java.util.List com.whx.demo.repository.UserRepository.userList()! No property userList found for type User!
Caused by: java.lang.IllegalArgumentException: Failed to create query for method public abstract java.util.List com.whx.demo.repository.UserRepository.userList()! No property userList found for type User!
Caused by: org.springframework.data.mapping.PropertyReferenceException: No property userList found for type User!

